2019-01-21 19:49:08,319 gekko.gekkoSolution.gekkoUtils gekkoUtils INFO = _cal_scalar_r finding cao_index is 2, sio2_index is 1
2019-01-21 19:49:08,319 gekko.gekkoSolution.gekkoUtils gekkoUtils INFO = name_scalar_weight is [('tfe', 'sio2', 'cost', 'r', 'ss'), (59.45, 5.0, 462.58579900551536, 0.4, 8.827051282051277), (1, 1, 1, 1, 1)]
2019-01-21 19:49:08,319 gekko.gekkoSolution.gekkoUtils gekkoUtils INFO = name_normalization_weight is {'tfe': 0.5939000697342474, 'sio2': 7.061471829140202, 'cost': 0.07632607663617458, 'r': 88.26839786425252, 'ss': 3.9999041602368597}
2019-01-21 19:49:08,511 gekko.gekkoSolution.gekkoProblem gekkoProblem INFO = optimization result is: [8.0, 15.0, 12.5228, 8.410955, 12.38867, 40.0, 0.6015498, 2.504559, 0.5714713]
2019-01-21 19:49:08,512 gekko.gekkoSolution.gekkoProblem gekkoProblem INFO = optimization name_result is: ['巴西粗粉=[8.0]', '高品澳粉=[15.0]', '高返=[12.5228]', '过筛镍矿=[8.410955]', '塞拉利昂粉=[12.38867]', 'FMG低品澳粉=[40.0]', '铁泥=[0.6015498]', '干渣粉=[2.504559]', '重力除尘灰=[0.5714713]']
2019-01-21 19:49:08,513 gekko.gekkoSolution.gekkoProblem gekkoProblem INFO = optimization ingredient_result_list is: [56.17565633128305, 5.199951920097999, 2.6982416318639566, 0.7128133123365088, 3.000000273920421, 0.048518530915677816, 0.06764917045197939, 0.1319273653048831]
2019-01-21 19:49:08,513 gekko.gekkoSolution.gekkoProblem gekkoProblem INFO = optimization prices is: Prices(dry_price=447.75303320145434, wet_price=492.506582248679, obj_price=530.7026698741009)
2019-01-21 19:49:08,591 gekko.gekkoSolution.gekkoProblem gekkoProblem INFO = optimization result is: [8.0, 15.0, 12.5228, 8.410955, 12.38867, 40.0, 0.6015498, 2.504559, 0.5714713]
2019-01-21 19:49:08,591 gekko.gekkoSolution.gekkoProblem gekkoProblem INFO = optimization name_result is: ['巴西粗粉=[8.0]', '高品澳粉=[15.0]', '高返=[12.5228]', '过筛镍矿=[8.410955]', '塞拉利昂粉=[12.38867]', 'FMG低品澳粉=[40.0]', '铁泥=[0.6015498]', '干渣粉=[2.504559]', '重力除尘灰=[0.5714713]']
2019-01-21 19:49:08,592 gekko.gekkoSolution.gekkoProblem gekkoProblem INFO = optimization ingredient_result_list is: [56.17565633128305, 5.199951920097999, 2.6982416318639566, 0.7128133123365088, 3.000000273920421, 0.048518530915677816, 0.06764917045197939, 0.1319273653048831]
2019-01-21 19:49:08,592 gekko.gekkoSolution.gekkoProblem gekkoProblem INFO = optimization prices is: Prices(dry_price=447.75303320145434, wet_price=492.506582248679, obj_price=530.7026698741009)
2019-01-21 19:49:08,835 gekko.gekkoSolution.gekkoProblem gekkoProblem INFO = optimization result is: [8.066868, 15.0, 12.5228, 8.239235, 12.50899, 39.98453, 0.6015498, 2.504559, 0.5714713]
2019-01-21 19:49:08,835 gekko.gekkoSolution.gekkoProblem gekkoProblem INFO = optimization name_result is: ['巴西粗粉=[8.066868]', '高品澳粉=[15.0]', '高返=[12.5228]', '过筛镍矿=[8.239235]', '塞拉利昂粉=[12.50899]', 'FMG低品澳粉=[39.98453]', '铁泥=[0.6015498]', '干渣粉=[2.504559]', '重力除尘灰=[0.5714713]']
2019-01-21 19:49:08,838 gekko.gekkoSolution.gekkoProblem gekkoProblem INFO = optimization ingredient_result_list is: [56.1889946741537, 5.201367944928174, 2.697055639637639, 0.7113642568573045, 2.9997450670612857, 0.04849829273991801, 0.06770106694019495, 0.12920810990902326]
2019-01-21 19:49:08,838 gekko.gekkoSolution.gekkoProblem gekkoProblem INFO = optimization prices is: Prices(dry_price=448.06778834083804, wet_price=492.6472175691716, obj_price=530.8024451652473)
2019-01-21 19:49:09,055 gekko.gekkoSolution.gekkoProblem gekkoProblem INFO = optimization result is: [8.088639, 15.0, 12.5228, 8.240655, 12.50599, 39.96434, 0.6015498, 2.504559, 0.5714713]
2019-01-21 19:49:09,055 gekko.gekkoSolution.gekkoProblem gekkoProblem INFO = optimization name_result is: ['巴西粗粉=[8.088639]', '高品澳粉=[15.0]', '高返=[12.5228]', '过筛镍矿=[8.240655]', '塞拉利昂粉=[12.50599]', 'FMG低品澳粉=[39.96434]', '铁泥=[0.6015498]', '干渣粉=[2.504559]', '重力除尘灰=[0.5714713]']
2019-01-21 19:49:09,056 gekko.gekkoSolution.gekkoProblem gekkoProblem INFO = optimization ingredient_result_list is: [56.18937572924335, 5.202784160196822, 2.6970504063308, 0.7113748129536146, 2.999369448540229, 0.048498188631312805, 0.06769985367738453, 0.1292298637127312]
2019-01-21 19:49:09,056 gekko.gekkoSolution.gekkoProblem gekkoProblem INFO = optimization prices is: Prices(dry_price=448.0879224687622, wet_price=492.66829730774987, obj_price=530.8171822385617)
2019-01-21 19:49:09,299 gekko.gekkoSolution.gekkoProblem gekkoProblem INFO = optimization result is: [8.103158, 15.0, 12.5228, 8.23952, 12.49249, 39.96445, 0.6015498, 2.504559, 0.5714713]
2019-01-21 19:49:09,299 gekko.gekkoSolution.gekkoProblem gekkoProblem INFO = optimization name_result is: ['巴西粗粉=[8.103158]', '高品澳粉=[15.0]', '高返=[12.5228]', '过筛镍矿=[8.23952]', '塞拉利昂粉=[12.49249]', 'FMG低品澳粉=[39.96445]', '铁泥=[0.6015498]', '干渣粉=[2.504559]', '重力除尘灰=[0.5714713]']
2019-01-21 19:49:09,302 gekko.gekkoSolution.gekkoProblem gekkoProblem INFO = optimization ingredient_result_list is: [56.18978588742725, 5.204200037544223, 2.6970210614897887, 0.7113624763518379, 2.9985439405725876, 0.04849766671661392, 0.06769516222829339, 0.12921086377202737]
2019-01-21 19:49:09,302 gekko.gekkoSolution.gekkoProblem gekkoProblem INFO = optimization prices is: Prices(dry_price=448.1026000746535, wet_price=492.6791331539728, obj_price=530.8228949605893)
2019-01-21 19:49:09,535 gekko.gekkoSolution.gekkoProblem gekkoProblem INFO = optimization result is: [8.117696, 15.0, 12.5228, 8.238395, 12.47902, 39.96451, 0.6015498, 2.504559, 0.5714713]
2019-01-21 19:49:09,535 gekko.gekkoSolution.gekkoProblem gekkoProblem INFO = optimization name_result is: ['巴西粗粉=[8.117696]', '高品澳粉=[15.0]', '高返=[12.5228]', '过筛镍矿=[8.238395]', '塞拉利昂粉=[12.47902]', 'FMG低品澳粉=[39.96451]', '铁泥=[0.6015498]', '干渣粉=[2.504559]', '重力除尘灰=[0.5714713]']
2019-01-21 19:49:09,536 gekko.gekkoSolution.gekkoProblem gekkoProblem INFO = optimization ingredient_result_list is: [56.19020142735113, 5.205616308983166, 2.6969918291569375, 0.7113502350265991, 2.997720057758844, 0.04849714674656729, 0.06769048573930905, 0.1291920245364387]
2019-01-21 19:49:09,536 gekko.gekkoSolution.gekkoProblem gekkoProblem INFO = optimization prices is: Prices(dry_price=448.1173264502916, wet_price=492.6900420295897, obj_price=530.8286867233784)
2019-01-21 19:49:09,569 gekko mainTask INFO = gekko_optimization task run successfully, runtime  is 1.498999834060669 s:
